#
# There is insufficient memory for the Java Runtime Environment to continue.
# Native memory allocation (malloc) failed to allocate 32744 bytes for ChunkPool::allocate
# Possible reasons:
#   The system is out of physical RAM or swap space
#   In 32 bit mode, the process size limit was hit
# Possible solutions:
#   Reduce memory load on the system
#   Increase physical memory or swap space
#   Check if swap backing store is full
#   Use 64 bit Java on a 64 bit OS
#   Decrease Java heap size (-Xmx/-Xms)
#   Decrease number of Java threads
#   Decrease Java thread stack sizes (-Xss)
#   Set larger code cache with -XX:ReservedCodeCacheSize=
# This output file may be truncated or incomplete.
#
#  Out of Memory Error (allocation.cpp:273), pid=9124, tid=14780
#
# JRE version: Java(TM) SE Runtime Environment (8.0_25-b18) (build 1.8.0_25-b18)
# Java VM: Java HotSpot(TM) 64-Bit Server VM (25.25-b02 mixed mode windows-amd64 compressed oops)
# Failed to write core dump. Minidumps are not enabled by default on client versions of Windows
#

---------------  T H R E A D  ---------------

Current thread (0x0000000056338000):  JavaThread "C1 CompilerThread3" daemon [_thread_in_native, id=14780, stack(0x00000000573d0000,0x00000000574d0000)]

Stack: [0x00000000573d0000,0x00000000574d0000]
[error occurred during error reporting (printing stack bounds), id 0xc0000005]

Native frames: (J=compiled Java code, j=interpreted, Vv=VM code, C=native code)
V  [jvm.dll+0x31667a]


Current CompileTask:
C1:    130  128       3       sun.nio.cs.UTF_8$Decoder::decode (779 bytes)


---------------  P R O C E S S  ---------------

Java Threads: ( => current thread )
  0x000000005640b800 JavaThread "ReaderThread" [_thread_in_native, id=4452, stack(0x0000000058420000,0x0000000058520000)]
  0x0000000056397800 JavaThread "Service Thread" daemon [_thread_blocked, id=1600, stack(0x0000000057640000,0x0000000057740000)]
=>0x0000000056338000 JavaThread "C1 CompilerThread3" daemon [_thread_in_native, id=14780, stack(0x00000000573d0000,0x00000000574d0000)]
  0x0000000056325000 JavaThread "C2 CompilerThread2" daemon [_thread_blocked, id=3668, stack(0x00000000580d0000,0x00000000581d0000)]
  0x0000000056317800 JavaThread "C2 CompilerThread1" daemon [_thread_blocked, id=2932, stack(0x0000000057ea0000,0x0000000057fa0000)]
  0x000000005630d000 JavaThread "C2 CompilerThread0" daemon [_thread_blocked, id=16108, stack(0x0000000057d10000,0x0000000057e10000)]
  0x0000000056308800 JavaThread "Attach Listener" daemon [_thread_blocked, id=2412, stack(0x0000000057b20000,0x0000000057c20000)]
  0x0000000056311800 JavaThread "Signal Dispatcher" daemon [_thread_blocked, id=8996, stack(0x0000000057920000,0x0000000057a20000)]
  0x000000005535b800 JavaThread "Finalizer" daemon [_thread_blocked, id=3316, stack(0x0000000057750000,0x0000000057850000)]
  0x0000000055351800 JavaThread "Reference Handler" daemon [_thread_blocked, id=3312, stack(0x0000000057500000,0x0000000057600000)]
  0x0000000002088000 JavaThread "main" [_thread_in_Java, id=16084, stack(0x0000000002250000,0x0000000002350000)]

Other Threads:
  0x00000000562b2000 VMThread [stack: 0x00000000572d0000,0x00000000573d0000] [id=3308]
  0x00000000563b2800 WatcherThread [stack: 0x0000000058310000,0x0000000058410000] [id=4448]

VM state:not at safepoint (normal execution)

VM Mutex/Monitor currently owned by a thread: None

Heap:
 PSYoungGen      total 18432K, used 3175K [0x00000000ebc00000, 0x00000000ed080000, 0x0000000100000000)
  eden space 15872K, 20% used [0x00000000ebc00000,0x00000000ebf19e10,0x00000000ecb80000)
  from space 2560K, 0% used [0x00000000ece00000,0x00000000ece00000,0x00000000ed080000)
  to   space 2560K, 0% used [0x00000000ecb80000,0x00000000ecb80000,0x00000000ece00000)
 ParOldGen       total 42496K, used 0K [0x00000000c3400000, 0x00000000c5d80000, 0x00000000ebc00000)
  object space 42496K, 0% used [0x00000000c3400000,0x00000000c3400000,0x00000000c5d80000)
 Metaspace       used 3595K, capacity 4716K, committed 4864K, reserved 1056768K
  class space    used 405K, capacity 424K, committed 512K, reserved 1048576K

Card table byte_map: [0x00000000119e0000,0x0000000011bd0000] byte_map_base: 0x00000000113c6000

Marking Bits: (ParMarkBitMap*) 0x00000000654ed490
 Begin Bits: [0x0000000012920000, 0x0000000013850000)
 End Bits:   [0x0000000013850000, 0x0000000014780000)

Polling page: 0x0000000000330000

CodeCache: size=245760Kb used=1313Kb max_used=1323Kb free=244446Kb
 bounds [0x0000000002620000, 0x0000000002890000, 0x0000000011620000]
 total_blobs=386 nmethods=126 adapters=174
 compilation: enabled

Compilation events (10 events):
Event: 0.126 Thread 0x0000000056317800  123       4       java.lang.String::hashCode (55 bytes)
Event: 0.126 Thread 0x0000000056338000 nmethod 121 0x0000000002766810 code [0x00000000027669c0, 0x0000000002766f78]
Event: 0.127 Thread 0x0000000056338000  124       3       java.util.Arrays::copyOf (19 bytes)
Event: 0.127 Thread 0x0000000056338000 nmethod 124 0x0000000002767250 code [0x00000000027673c0, 0x00000000027676e8]
Event: 0.127 Thread 0x0000000056338000  125       1       sun.util.calendar.CalendarDate::getMonth (5 bytes)
Event: 0.127 Thread 0x0000000056338000 nmethod 125 0x0000000002767810 code [0x0000000002767960, 0x0000000002767a70]
Event: 0.127 Thread 0x0000000056338000  126       3       java.lang.String::checkBounds (46 bytes)
Event: 0.127 Thread 0x0000000056338000 nmethod 126 0x0000000002767ad0 code [0x0000000002767c60, 0x0000000002767fc8]
Event: 0.127 Thread 0x0000000056338000  128       3       sun.nio.cs.UTF_8$Decoder::decode (779 bytes)
Event: 0.128 Thread 0x0000000056317800 nmethod 123 0x000000000276af10 code [0x000000000276b040, 0x000000000276b198]

GC Heap History (0 events):
No events

Deoptimization events (0 events):
No events

Internal exceptions (10 events):
Event: 0.122 Thread 0x0000000002088000 Exception <a 'java/security/PrivilegedActionException'> (0x00000000ebe9af10) thrown at [D:\re\workspace\8-2-build-windows-amd64-cygwin\jdk8u25\1677\hotspot\src\share\vm\prims\jvm.cpp, line 1312]
Event: 0.123 Thread 0x0000000002088000 Exception <a 'java/security/PrivilegedActionException'> (0x00000000ebe9d238) thrown at [D:\re\workspace\8-2-build-windows-amd64-cygwin\jdk8u25\1677\hotspot\src\share\vm\prims\jvm.cpp, line 1312]
Event: 0.123 Thread 0x0000000002088000 Exception <a 'java/security/PrivilegedActionException'> (0x00000000ebea6180) thrown at [D:\re\workspace\8-2-build-windows-amd64-cygwin\jdk8u25\1677\hotspot\src\share\vm\prims\jvm.cpp, line 1312]
Event: 0.123 Thread 0x0000000002088000 Exception <a 'java/security/PrivilegedActionException'> (0x00000000ebea8848) thrown at [D:\re\workspace\8-2-build-windows-amd64-cygwin\jdk8u25\1677\hotspot\src\share\vm\prims\jvm.cpp, line 1312]
Event: 0.124 Thread 0x0000000002088000 Exception <a 'java/security/PrivilegedActionException'> (0x00000000ebeafc40) thrown at [D:\re\workspace\8-2-build-windows-amd64-cygwin\jdk8u25\1677\hotspot\src\share\vm\prims\jvm.cpp, line 1312]
Event: 0.124 Thread 0x0000000002088000 Exception <a 'java/security/PrivilegedActionException'> (0x00000000ebeb25d8) thrown at [D:\re\workspace\8-2-build-windows-amd64-cygwin\jdk8u25\1677\hotspot\src\share\vm\prims\jvm.cpp, line 1312]
Event: 0.124 Thread 0x0000000002088000 Exception <a 'java/security/PrivilegedActionException'> (0x00000000ebeb56a8) thrown at [D:\re\workspace\8-2-build-windows-amd64-cygwin\jdk8u25\1677\hotspot\src\share\vm\prims\jvm.cpp, line 1312]
Event: 0.125 Thread 0x0000000002088000 Exception <a 'java/security/PrivilegedActionException'> (0x00000000ebeb9030) thrown at [D:\re\workspace\8-2-build-windows-amd64-cygwin\jdk8u25\1677\hotspot\src\share\vm\prims\jvm.cpp, line 1312]
Event: 0.125 Thread 0x0000000002088000 Exception <a 'java/security/PrivilegedActionException'> (0x00000000ebebd240) thrown at [D:\re\workspace\8-2-build-windows-amd64-cygwin\jdk8u25\1677\hotspot\src\share\vm\prims\jvm.cpp, line 1312]
Event: 0.125 Thread 0x0000000002088000 Exception <a 'java/security/PrivilegedActionException'> (0x00000000ebec1630) thrown at [D:\re\workspace\8-2-build-windows-amd64-cygwin\jdk8u25\1677\hotspot\src\share\vm\prims\jvm.cpp, line 1312]

Events (10 events):
Event: 0.128 loading class sun/security/jca/ProviderList$1 done
Event: 0.128 loading class java/security/Provider$ServiceKey
Event: 0.128 loading class java/security/Provider$ServiceKey done
Event: 0.128 loading class java/security/Provider$EngineDescription
Event: 0.128 loading class java/security/Provider$EngineDescription done
Event: 0.128 loading class sun/misc/FDBigInteger
Event: 0.128 loading class sun/misc/FDBigInteger done
Event: 0.129 loading class sun/security/jca/ProviderList$2
Event: 0.129 loading class sun/security/jca/ProviderList$2 done
Event: 0.129 loading class java/security/Security


Dynamic libraries:
0x000000013f2b0000 - 0x000000013f2e4000 	C:\Program Files\Java\jre1.8.0_25\bin\javaw.exe
0x00000000771c0000 - 0x0000000077369000 	C:\Windows\SYSTEM32\ntdll.dll
0x0000000076fa0000 - 0x00000000770bf000 	C:\Windows\system32\kernel32.dll
0x000007fefcfe0000 - 0x000007fefd04c000 	C:\Windows\system32\KERNELBASE.dll
0x000007fefef20000 - 0x000007fefeffb000 	C:\Windows\system32\ADVAPI32.dll
0x000007fefded0000 - 0x000007fefdf6f000 	C:\Windows\system32\msvcrt.dll
0x000007fefe050000 - 0x000007fefe06f000 	C:\Windows\SYSTEM32\sechost.dll
0x000007feff0d0000 - 0x000007feff1fd000 	C:\Windows\system32\RPCRT4.dll
0x00000000770c0000 - 0x00000000771ba000 	C:\Windows\system32\USER32.dll
0x000007fefdde0000 - 0x000007fefde47000 	C:\Windows\system32\GDI32.dll
0x000007fefddd0000 - 0x000007fefddde000 	C:\Windows\system32\LPK.dll
0x000007feff000000 - 0x000007feff0c9000 	C:\Windows\system32\USP10.dll
0x000007fefb770000 - 0x000007fefb964000 	C:\Windows\WinSxS\amd64_microsoft.windows.common-controls_6595b64144ccf1df_6.0.7601.17514_none_fa396087175ac9ac\COMCTL32.dll
0x000007fefde50000 - 0x000007fefdec1000 	C:\Windows\system32\SHLWAPI.dll
0x000007fefcd80000 - 0x000007fefcdd7000 	C:\Windows\system32\apphelp.dll
0x000007fee6a80000 - 0x000007fee6ad1000 	C:\Windows\AppPatch\AppPatch64\AcGenral.DLL
0x000007fefcd50000 - 0x000007fefcd75000 	C:\Windows\system32\SspiCli.dll
0x000007fefd400000 - 0x000007fefd603000 	C:\Windows\system32\ole32.dll
0x000007fefe070000 - 0x000007fefedf8000 	C:\Windows\system32\SHELL32.dll
0x000000006fe60000 - 0x000000006fe63000 	C:\Windows\system32\sfc.dll
0x000007fee77f0000 - 0x000007fee7800000 	C:\Windows\system32\sfc_os.DLL
0x000007fefd280000 - 0x000007fefd29e000 	C:\Windows\system32\USERENV.dll
0x000007fefcf90000 - 0x000007fefcf9f000 	C:\Windows\system32\profapi.dll
0x000007fefaa80000 - 0x000007fefaa98000 	C:\Windows\system32\dwmapi.dll
0x000007fef9d30000 - 0x000007fef9d48000 	C:\Windows\system32\MPR.dll
0x000007fefd630000 - 0x000007fefd65e000 	C:\Windows\system32\IMM32.DLL
0x000007fefd8e0000 - 0x000007fefd9e9000 	C:\Windows\system32\MSCTF.dll
0x00000000669d0000 - 0x0000000066aa2000 	C:\Program Files\Java\jre1.8.0_25\bin\msvcr100.dll
0x0000000064d10000 - 0x000000006556a000 	C:\Program Files\Java\jre1.8.0_25\bin\server\jvm.dll
0x000007feea9b0000 - 0x000007feea9b9000 	C:\Windows\system32\WSOCK32.dll
0x000007fefd340000 - 0x000007fefd38d000 	C:\Windows\system32\WS2_32.dll
0x000007fefd390000 - 0x000007fefd398000 	C:\Windows\system32\NSI.dll
0x000007fef9dd0000 - 0x000007fef9e0b000 	C:\Windows\system32\WINMM.dll
0x0000000077390000 - 0x0000000077397000 	C:\Windows\system32\PSAPI.DLL
0x00000000745d0000 - 0x00000000745df000 	C:\Program Files\Java\jre1.8.0_25\bin\verify.dll
0x0000000073c60000 - 0x0000000073c88000 	C:\Program Files\Java\jre1.8.0_25\bin\java.dll
0x0000000073e70000 - 0x0000000073e86000 	C:\Program Files\Java\jre1.8.0_25\bin\zip.dll
0x0000000072e40000 - 0x0000000072e5a000 	C:\Program Files\Java\jre1.8.0_25\bin\net.dll
0x000007fefc720000 - 0x000007fefc775000 	C:\Windows\system32\mswsock.dll
0x000007fefc710000 - 0x000007fefc717000 	C:\Windows\System32\wship6.dll

VM Arguments:
jvm_args: -Dfile.encoding=Cp1255 
java_command: org.eclipse.jdt.internal.junit.runner.RemoteTestRunner -version 3 -port 50239 -testLoaderClass org.eclipse.jdt.internal.junit4.runner.JUnit4TestLoader -loaderpluginname org.eclipse.jdt.junit4.runtime -classNames cyclicQueue.testQueue
java_class_path (initial): C:\Users\experis\Documents\java_beni\cyclicQueue\bin;C:\Program Files\Java\eclipse\plugins\org.junit_4.11.0.v201303080030\junit.jar;C:\Program Files\Java\eclipse\plugins\org.hamcrest.core_1.3.0.v201303031735.jar;/C:/Program Files/Java/eclipse/configuration/org.eclipse.osgi/362/0/.cp/;/C:/Program Files/Java/eclipse/configuration/org.eclipse.osgi/361/0/.cp/
Launcher Type: SUN_STANDARD

Environment Variables:
JAVA_HOME=C:\Program Files\Java\jdk1.8.0_25
CLASSPATH=C:\Informatica\9.1.0\DataTransformation\api\lib\CM_JavaAPI.jar;
PATH=C:/Program Files/Java/jre1.8.0_25/bin/server;C:/Program Files/Java/jre1.8.0_25/bin;C:/Program Files/Java/jre1.8.0_25/lib/amd64;C:\ProgramData\Oracle\Java\javapath;C:\Informatica\9.1.0\clients\tools\datadirect;C:\Informatica\9.1.0\clients\DeveloperClient\bin;C:\Informatica\9.1.0\clients\java\jre\bin\server;C:\Informatica\9.1.0\java\jre\bin\server;C:\Informatica\9.1.0\tools\datadirect;C:\Informatica\9.1.0\DataTransformation\bin;C:\Program Files (x86)\Intel\iCLS Client\;C:\Program Files\Intel\iCLS Client\;C:\Windows\system32;C:\Windows;C:\Windows\System32\Wbem;C:\Windows\System32\WindowsPowerShell\v1.0\;C:\Program Files\Intel\DMIX;C:\Program Files (x86)\Intel\OpenCL SDK\2.0\bin\x86;C:\Program Files (x86)\Intel\OpenCL SDK\2.0\bin\x64;C:\Program Files\Intel\Intel(R) Management Engine Components\DAL;C:\Program Files\Intel\Intel(R) Management Engine Components\IPT;C:\Program Files (x86)\Intel\Intel(R) Management Engine Components\DAL;C:\Program Files (x86)\Intel\Intel(R) Management Engine Components\IPT;C:\Program Files\Microsoft SQL Server\110\Tools\Binn\;C:\Program Files (x86)\Microsoft SQL Server\110\Tools\Binn\;C:\Program Files\Microsoft SQL Server\110\DTS\Binn\;C:\Program Files (x86)\Microsoft SQL Server\110\Tools\Binn\ManagementStudio\;C:\Program Files (x86)\Microsoft Visual Studio 10.0\Common7\IDE\PrivateAssemblies\;C:\Program Files (x86)\Microsoft SQL Server\110\DTS\Binn\;C:\Program Files\Java\jdk1.8.0_25\bin;C:\Program Files\Java\eclipse;
USERNAME=experis
OS=Windows_NT
PROCESSOR_IDENTIFIER=Intel64 Family 6 Model 58 Stepping 9, GenuineIntel



---------------  S Y S T E M  ---------------

OS: Windows 7 , 64 bit Build 7601 Service Pack 1

CPU:total 8 (4 cores per cpu, 2 threads per core) family 6 model 58 stepping 9, cmov, cx8, fxsr, mmx, sse, sse2, sse3, ssse3, sse4.1, sse4.2, popcnt, avx, aes, clmul, erms, ht, tsc, tscinvbit, tscinv

Memory: 4k page, physical 3977688k(855536k free), swap 15908888k(4948k free)

vm_info: Java HotSpot(TM) 64-Bit Server VM (25.25-b02) for windows-amd64 JRE (1.8.0_25-b18), built on Oct  7 2014 14:25:37 by "java_re" with MS VC++ 10.0 (VS2010)

time: Thu Jan 08 12:11:45 2015
elapsed time: 0 seconds (0d 0h 0m 0s)

